
Running self-nucmer on /data/djs217/PROJECTS/44_Pectobacterium/03_workdir/files/LMG_21371_brasiliense.fna
[RUNNING:] nucmer --maxmatch --nosimplify --prefix=seq_seq1803508 /data/djs217/PROJECTS/44_Pectobacterium/03_workdir/files/LMG_21371_brasiliense.fna /data/djs217/PROJECTS/44_Pectobacterium/03_workdir/files/LMG_21371_brasiliense.fna 2>/dev/null
[RUNNING:] show-coords -r -I 97 -L 75 -T seq_seq1803508.delta | awk '$1 != $3 || $2 != $4 && $8==$9 {print}' > seq_seq1803508.coords

Running self-nucmer on /data/djs217/PROJECTS/44_Pectobacterium/03_workdir/files/PRT5_unicycler_assembly.fna
[RUNNING:] nucmer --maxmatch --nosimplify --prefix=seq_seq1803564 /data/djs217/PROJECTS/44_Pectobacterium/03_workdir/files/PRT5_unicycler_assembly.fna /data/djs217/PROJECTS/44_Pectobacterium/03_workdir/files/PRT5_unicycler_assembly.fna 2>/dev/null
[RUNNING:] show-coords -r -I 97 -L 75 -T seq_seq1803564.delta | awk '$1 != $3 || $2 != $4 && $8==$9 {print}' > seq_seq1803564.coords

Repeat coords for all references found.
Self-NUCmer complete
==================================================================
Aligning to the reference genome /data/djs217/PROJECTS/44_Pectobacterium/03_workdir/files/LMG_21371_brasiliense.fna

Running nucmer on LMG_21371_brasiliense_LMG_21371_brasiliense
Running nucmer on LMG_21371_brasiliense_PRT5_unicycler_assembly

NUCmer on all reference genomes complete.
==================================================================

runContigNUCmer.pl -r /data/djs217/PROJECTS/44_Pectobacterium/03_workdir/files/LMG_21371_brasiliense.fna -q /data/djs217/PROJECTS/44_Pectobacterium/03_workdir -d /data/djs217/PROJECTS/44_Pectobacterium/03_workdir/results -l /data/djs217/PROJECTS/44_Pectobacterium/03_workdir/contigs_list.txt -t 1 -y 2 2>>/data/djs217/PROJECTS/44_Pectobacterium/03_workdir/results/pectobacterium_project_fastree.error >> /data/djs217/PROJECTS/44_Pectobacterium/03_workdir/results/pectobacterium_project_fastree.log


Using given reference:  /data/djs217/PROJECTS/44_Pectobacterium/03_workdir/files/LMG_21371_brasiliense.fna
Running nucmer on LMG_21371_brasiliense_SR6_brasiliense_contig
Running nucmer on LMG_21371_brasiliense_NK5_brasiliense_contig
Running nucmer on LMG_21371_brasiliense_NJAU130_brasiliense_contig
Running nucmer on LMG_21371_brasiliense_IPO_4135_NAK_383_brasiliense_contig
Running nucmer on LMG_21371_brasiliense_IPO_4055_NAK_152_GBBC_1819_brasiliense_contig
Running nucmer on LMG_21371_brasiliense_ZRIMU1030_brasiliense_contig
Running nucmer on LMG_21371_brasiliense_22KMSM01_sp__CHL_2024_contig
Running nucmer on LMG_21371_brasiliense_NAK_241_brasiliense_contig
Running nucmer on LMG_21371_brasiliense_BS1113_brasiliense_contig
Running nucmer on LMG_21371_brasiliense_IPO_4134_NAK_395_brasiliense_contig
Running nucmer on LMG_21371_brasiliense_SR11_brasiliense_contig
Running nucmer on LMG_21371_brasiliense_A79_S20_O15_brasiliense_contig
Running nucmer on LMG_21371_brasiliense_1950_8_brasiliense_contig
Running nucmer on LMG_21371_brasiliense_ATCC_39048_carotovorum_subsp__carotovorum_contig
Running nucmer on LMG_21371_brasiliense_IPO_4071_NAK_240_brasiliense_contig
Running nucmer on LMG_21371_brasiliense_IPO_3644_brasiliense_contig
Running nucmer on LMG_21371_brasiliense_1950_9_brasiliense_contig
Running nucmer on LMG_21371_brasiliense_MAFF_106568_carotovorum_subsp__carotovorum_contig
Running nucmer on LMG_21371_brasiliense_SX309_brasiliense_contig
Running nucmer on LMG_21371_brasiliense_NAK616_brasiliense_contig
Running nucmer on LMG_21371_brasiliense_NAK650_brasiliense_contig
Running nucmer on LMG_21371_brasiliense_Y31_brasiliense_contig
Running nucmer on LMG_21371_brasiliense_NAK_432_brasiliense_contig
Running nucmer on LMG_21371_brasiliense_130_brasiliense_contig
Running nucmer on LMG_21371_brasiliense_NAK719_brasiliense_contig
Running nucmer on LMG_21371_brasiliense_NAK638_brasiliense_contig
Running nucmer on LMG_21371_brasiliense_NAK_247_brasiliense_contig
Running nucmer on LMG_21371_brasiliense_PBR1692_brasiliense_PBR1692_contig
Running nucmer on LMG_21371_brasiliense_BZA12_brasiliense_contig
Running nucmer on LMG_21371_brasiliense_BSRLOP2CAB_brasiliense_contig
Running nucmer on LMG_21371_brasiliense_NAK_396_brasiliense_contig
Running nucmer on LMG_21371_brasiliense_IPO_3649_NAK_375_brasiliense_contig
Running nucmer on LMG_21371_brasiliense_NAK_431_brasiliense_contig
Running nucmer on LMG_21371_brasiliense_Y29_brasiliense_contig
Running nucmer on LMG_21371_brasiliense_1Aia_d_brasiliense_contig
Running nucmer on LMG_21371_brasiliense_ICMP_19477_brasiliense_ICMP_19477_contig
Running nucmer on LMG_21371_brasiliense_NAK_433_brasiliense_contig
Running nucmer on LMG_21371_brasiliense_21LCBS02_sp__CHL_2024_contig
Running nucmer on LMG_21371_brasiliense_NAK246_brasiliense_contig
Running nucmer on LMG_21371_brasiliense_IPO_4066_NAK_259_brasiliense_contig
Running nucmer on LMG_21371_brasiliense_JGAR_030718_1_brasiliense_contig
Running nucmer on LMG_21371_brasiliense_HNP201719_brasiliense_contig
Running nucmer on LMG_21371_brasiliense_NAK238_brasiliense_contig
Running nucmer on LMG_21371_brasiliense_IPO_4068_NAK_256_brasiliense_contig
Running nucmer on LMG_21371_brasiliense_Y62_brasiliense_contig
Running nucmer on LMG_21371_brasiliense_BY2_brasiliense_contig
Running nucmer on LMG_21371_brasiliense_1692_brasiliense_contig
Running nucmer on LMG_21371_brasiliense_NAK_435_brasiliense_contig
Running nucmer on LMG_21371_brasiliense_ZRIMU1702DQ_brasiliense_contig
Running nucmer on LMG_21371_brasiliense_F126_brasiliense_contig
Running nucmer on LMG_21371_brasiliense_NAK_466_brasiliense_contig
Running nucmer on LMG_21371_brasiliense_A1_brasiliense_contig
Running nucmer on LMG_21371_brasiliense_BL_2_brasiliense_contig
Running nucmer on LMG_21371_brasiliense_PD_7079_brasiliense_contig
Running nucmer on LMG_21371_brasiliense_NAK_254_brasiliense_contig
Running nucmer on LMG_21371_brasiliense_IPO_0821_SCRI_133_brasiliense_contig
Running nucmer on LMG_21371_brasiliense_NAK_245_brasiliense_contig
Running nucmer on LMG_21371_brasiliense_NAK_385_brasiliense_contig
Running nucmer on LMG_21371_brasiliense_22LXZD03_05_jejuense_contig
Running nucmer on LMG_21371_brasiliense_CFIA1001_brasiliense_contig
Running nucmer on LMG_21371_brasiliense_PD_7081_brasiliense_contig
Running nucmer on LMG_21371_brasiliense_NAK682_brasiliense_contig
Running nucmer on LMG_21371_brasiliense_NJAU140_brasiliense_contig
Running nucmer on LMG_21371_brasiliense_NAK_384_brasiliense_contig
Running nucmer on LMG_21371_brasiliense_IPO_3643_brasiliense_contig
Running nucmer on LMG_21371_brasiliense_BC1_brasiliense_contig
Running nucmer on LMG_21371_brasiliense_NBRC_103133_carotovorum_subsp__carotovorum_contig
Running nucmer on LMG_21371_brasiliense_NAK_470_brasiliense_contig
Running nucmer on LMG_21371_brasiliense_22LXZD03_04_sp__CHL_2024_contig
Running nucmer on LMG_21371_brasiliense_IPO_4132_NAK_239_brasiliense_contig
Running nucmer on LMG_21371_brasiliense_MAFF_301653_carotovorum_subsp__carotovorum_contig
Running nucmer on LMG_21371_brasiliense_JGAR_080719_2_brasiliense_contig
Running nucmer on LMG_21371_brasiliense_CFBP8736_brasiliense_contig
Running nucmer on LMG_21371_brasiliense_NAK727_brasiliense_contig
Running nucmer on LMG_21371_brasiliense_Y65_brasiliense_contig
Running nucmer on LMG_21371_brasiliense_TS20HJ1_brasiliense_contig
Running nucmer on LMG_21371_brasiliense_CFIA1009_brasiliense_contig
Running nucmer on LMG_21371_brasiliense_NAK641_brasiliense_contig
Running nucmer on LMG_21371_brasiliense_JGAR_120719_4_brasiliense_contig
Running nucmer on LMG_21371_brasiliense_PD_8611_brasiliense_contig
Running nucmer on LMG_21371_brasiliense_IPO_3540_CFBP_6617_ATCC_BAA_417_IBSBF_1692_brasiliense_contig
Running nucmer on LMG_21371_brasiliense_22DLYP08_sp__CHL_2024_contig
Running nucmer on LMG_21371_brasiliense_BD163_brasiliense_contig
Running nucmer on LMG_21371_brasiliense_YC_Y46_brasiliense_contig
Running nucmer on LMG_21371_brasiliense_22LCQN01_3_sp__CHL_2024_contig
Running nucmer on LMG_21371_brasiliense_NAK644_brasiliense_contig
Running nucmer on LMG_21371_brasiliense_1Aia_brasiliense_contig
Running nucmer on LMG_21371_brasiliense_IPO_3707_NAK_377_77a_brasiliense_contig
Running nucmer on LMG_21371_brasiliense_NAK683_brasiliense_contig
Running nucmer on LMG_21371_brasiliense_NAK_252_brasiliense_contig
Running nucmer on LMG_21371_brasiliense_NJAU131_brasiliense_contig
Running nucmer on LMG_21371_brasiliense_IPO_0590_brasiliense_contig
Running nucmer on LMG_21371_brasiliense_BD255_brasiliense_contig
Running nucmer on LMG_21371_brasiliense_DL10_2_1_sp__CHL_2024_contig
Running nucmer on LMG_21371_brasiliense_LMG_21372_brasiliense_contig
Running nucmer on LMG_21371_brasiliense_L25F_74_brasiliense_contig
Running nucmer on LMG_21371_brasiliense_SJHS3_1_sp__CHL_2024_contig
Running nucmer on LMG_21371_brasiliense_Y49_brasiliense_contig
Running nucmer on LMG_21371_brasiliense_IPO_3711_NAK_381_brasiliense_contig
Running nucmer on LMG_21371_brasiliense_IPO_4054_NAK_231_brasiliense_contig
Running nucmer on LMG_21371_brasiliense_IPO_4065_NAK_223_brasiliense_contig
Running nucmer on LMG_21371_brasiliense_21PCA_AGRO2_brasiliense_contig
Running nucmer on LMG_21371_brasiliense_Y3_brasiliense_contig
Running nucmer on LMG_21371_brasiliense_DM1_brasiliense_contig
Running nucmer on LMG_21371_brasiliense_22LCQN02_2_sp__CHL_2024_contig
Running nucmer on LMG_21371_brasiliense_DL6_4_sp__CHL_2024_contig
Running nucmer on LMG_21371_brasiliense_S1_16_01_3K_carotovorum_contig
Running nucmer on LMG_21371_brasiliense_21LCBS03_sp__21LCBS03_contig
Running nucmer on LMG_21371_brasiliense_PD_5190_brasiliense_contig
Running nucmer on LMG_21371_brasiliense_1950_11_brasiliense_contig
Running nucmer on LMG_21371_brasiliense_IPO_3630_brasiliense_contig
Running nucmer on LMG_21371_brasiliense_IPO_3649_NAK_55_brasiliense_contig
Running nucmer on LMG_21371_brasiliense_PCC1_brasiliense_contig
Running nucmer on LMG_21371_brasiliense_NY1563A_brasiliense_contig
Running nucmer on LMG_21371_brasiliense_PcbHPI01_brasiliense_contig
Running nucmer on LMG_21371_brasiliense_A079_S20_O15_brasiliense_contig
Running nucmer on LMG_21371_brasiliense_IPO_4073_NAK_248_brasiliense_contig
Running nucmer on LMG_21371_brasiliense_NAK700_brasiliense_contig
Running nucmer on LMG_21371_brasiliense_B6_brasiliense_contig
Running nucmer on LMG_21371_brasiliense_SR5_brasiliense_contig
Running nucmer on LMG_21371_brasiliense_Y60_brasiliense_contig
Running nucmer on LMG_21371_brasiliense_NAK617_brasiliense_contig
Running nucmer on LMG_21371_brasiliense_Y21_brasiliense_contig
Running nucmer on LMG_21371_brasiliense_PD_8610_brasiliense_contig
Running nucmer on LMG_21371_brasiliense_1950_36_brasiliense_contig
Running nucmer on LMG_21371_brasiliense_Ec_153_brasiliense_contig
Running nucmer on LMG_21371_brasiliense_NJAU132_brasiliense_contig
Running nucmer on LMG_21371_brasiliense_IPO_4060_NAK_251_brasiliense_contig
Running nucmer on LMG_21371_brasiliense_22LCQN02_3_sp__CHL_2024_contig
Running nucmer on LMG_21371_brasiliense_NJAU170_brasiliense_contig
Running nucmer on LMG_21371_brasiliense_PD_6952_brasiliense_contig
Running nucmer on LMG_21371_brasiliense_SR7_brasiliense_contig
Running nucmer on LMG_21371_brasiliense_IPO_3843_JGAR_11_brasiliense_contig
Running nucmer on LMG_21371_brasiliense_NAK_243_brasiliense_contig
Running nucmer on LMG_21371_brasiliense_NAK_468_brasiliense_contig
Running nucmer on LMG_21371_brasiliense_Y64_brasiliense_contig
Running nucmer on LMG_21371_brasiliense_NAK673_brasiliense_contig
Running nucmer on LMG_21371_brasiliense_IPO_4064_NAK_242_brasiliense_contig
Running nucmer on LMG_21371_brasiliense_22LJYL01_1_sp__CHL_2024_contig
Running nucmer on LMG_21371_brasiliense_22LCQN01_5_sp__CHL_2024_contig
Running nucmer on LMG_21371_brasiliense_NAK_397_brasiliense_contig
Running nucmer on LMG_21371_brasiliense_IPO_4062_NAK_237_brasiliense_contig
Running nucmer on LMG_21371_brasiliense_IPO_3628_brasiliense_contig
Running nucmer on LMG_21371_brasiliense_22LCQN01_1_sp__CHL_2024_contig
Running nucmer on LMG_21371_brasiliense_S4_16_03_1C_carotovorum_contig
Running nucmer on LMG_21371_brasiliense_Ec_155_carotovorum_subsp__carotovorum_contig
Running nucmer on LMG_21371_brasiliense_CFIA1033_brasiliense_contig
Running nucmer on LMG_21371_brasiliense_22ZTDG03_4_sp__CHL_2024_contig
Running nucmer on LMG_21371_brasiliense_IPO_4067_NAK_257_brasiliense_contig
Running nucmer on LMG_21371_brasiliense_IPO_4131_NAK_399_JGAR_16_180717_4_brasiliense_contig
Running nucmer on LMG_21371_brasiliense_NJAU134_brasiliense_contig
Running nucmer on LMG_21371_brasiliense_13_115_jejuense_contig
Running nucmer on LMG_21371_brasiliense_SR8_brasiliense_contig
Running nucmer on LMG_21371_brasiliense_NAK701_brasiliense_contig
Running nucmer on LMG_21371_brasiliense_BSROG1CAUL_A_brasiliense_contig
Running nucmer on LMG_21371_brasiliense_PCC21_carotovorum_subsp__carotovorum_PCC21_contig
Running nucmer on LMG_21371_brasiliense_IPO_3650_NAK_376_brasiliense_contig
Running nucmer on LMG_21371_brasiliense_SR10_brasiliense_contig
Running nucmer on LMG_21371_brasiliense_22LXZD03_03_jejuense_contig
Running nucmer on LMG_21371_brasiliense_CFBP7357_brasiliense_contig
Running nucmer on LMG_21371_brasiliense_Y52_brasiliense_contig
Running nucmer on LMG_21371_brasiliense_WZZ2024_brasiliense_contig
Running nucmer on LMG_21371_brasiliense_NAK679_brasiliense_contig
Running nucmer on LMG_21371_brasiliense_NAK709_brasiliense_contig
Running nucmer on LMG_21371_brasiliense_NAK716_brasiliense_contig
Running nucmer on LMG_21371_brasiliense_MAFF_331060_carotovorum_subsp__carotovorum_contig
Running nucmer on LMG_21371_brasiliense_NAK_434_brasiliense_contig
Running nucmer on LMG_21371_brasiliense_NY1453A_brasiliense_contig
Running nucmer on LMG_21371_brasiliense_NAK698_brasiliense_contig
Running nucmer on LMG_21371_brasiliense_BF45_brasiliense_contig
Running nucmer on LMG_21371_brasiliense_BSHS4_sp__CHL_2024_contig
Running nucmer on LMG_21371_brasiliense_IPO_4057_NAK_249_brasiliense_contig
Running nucmer on LMG_21371_brasiliense_NJAU21_brasiliense_contig
Running nucmer on LMG_21371_brasiliense_CFBP5381_brasiliense_contig
Running nucmer on LMG_21371_brasiliense_BF20_brasiliense_contig
Running nucmer on LMG_21371_brasiliense_IPO_3710_NAK_380_brasiliense_contig
Running nucmer on LMG_21371_brasiliense_22LCQN02_1_sp__CHL_2024_contig
Running nucmer on LMG_21371_brasiliense_S2_brasiliense_contig
Running nucmer on LMG_21371_brasiliense_IPO_3844_NAK_382_JGAR_12_brasiliense_contig
Running nucmer on LMG_21371_brasiliense_CFBP3230_brasiliense_contig
Running nucmer on LMG_21371_brasiliense_LMG2407_brasiliense_contig
Running nucmer on LMG_21371_brasiliense_22QBSP01_1_brasiliense_contig
Running nucmer on LMG_21371_brasiliense_NAK_430_brasiliense_contig
Running nucmer on LMG_21371_brasiliense_ZRIMU1701SM_brasiliense_contig
Running nucmer on LMG_21371_brasiliense_NAK_250_brasiliense_contig
Running nucmer on LMG_21371_brasiliense_IPO_3708_NAK_378_99a_brasiliense_contig
Running nucmer on LMG_21371_brasiliense_JGAR_100719_1_brasiliense_contig
Running nucmer on LMG_21371_brasiliense_IPO_4056_NAK_264_GBBC_1756_brasiliense_contig
Running nucmer on LMG_21371_brasiliense_F157_brasiliense_contig
Running nucmer on LMG_21371_brasiliense_F152_brasiliense_contig
Running nucmer on LMG_21371_brasiliense_PD_7434_jejuense_contig
Running nucmer on LMG_21371_brasiliense_22LXZD03_01_jejuense_contig
Running nucmer on LMG_21371_brasiliense_ZLMLSHJ5_brasiliense_contig
Running nucmer on LMG_21371_brasiliense_IPO_4058_NAK_235_brasiliense_contig
Running nucmer on LMG_21371_brasiliense_IPO_3709_NAK_379_112_1c_brasiliense_contig
NUCmer on all contig/draft genomes complete.


buildSNPDB.pl -i /data/djs217/PROJECTS/44_Pectobacterium/03_workdir/results -r /data/djs217/PROJECTS/44_Pectobacterium/03_workdir/files/LMG_21371_brasiliense.fna -l /data/djs217/PROJECTS/44_Pectobacterium/03_workdir/working_list.txt -p pectobacterium_project_fastree -c 0 -g 0.1 2>>/data/djs217/PROJECTS/44_Pectobacterium/03_workdir/results/pectobacterium_project_fastree.error >> /data/djs217/PROJECTS/44_Pectobacterium/03_workdir/results/pectobacterium_project_fastree.log

Reading Gaps file.
IPO_3709_NAK_379_112_1c_brasiliense_contig covered 0.87553 of the LMG_21371_brasiliense (<cutoff = 0.1). It will be used to build SNP tree and matrix.
IPO_4054_NAK_231_brasiliense_contig covered 0.87739 of the LMG_21371_brasiliense (<cutoff = 0.1). It will be used to build SNP tree and matrix.
SR6_brasiliense_contig covered 0.91772 of the LMG_21371_brasiliense (<cutoff = 0.1). It will be used to build SNP tree and matrix.
Y64_brasiliense_contig covered 0.85903 of the LMG_21371_brasiliense (<cutoff = 0.1). It will be used to build SNP tree and matrix.
MAFF_106568_carotovorum_subsp__carotovorum_contig covered 0.84618 of the LMG_21371_brasiliense (<cutoff = 0.1). It will be used to build SNP tree and matrix.
NJAU21_brasiliense_contig covered 0.85687 of the LMG_21371_brasiliense (<cutoff = 0.1). It will be used to build SNP tree and matrix.
A79_S20_O15_brasiliense_contig covered 0.86419 of the LMG_21371_brasiliense (<cutoff = 0.1). It will be used to build SNP tree and matrix.
BL_2_brasiliense_contig covered 0.86477 of the LMG_21371_brasiliense (<cutoff = 0.1). It will be used to build SNP tree and matrix.
NAK238_brasiliense_contig covered 0.87548 of the LMG_21371_brasiliense (<cutoff = 0.1). It will be used to build SNP tree and matrix.
NAK719_brasiliense_contig covered 0.87549 of the LMG_21371_brasiliense (<cutoff = 0.1). It will be used to build SNP tree and matrix.
NAK673_brasiliense_contig covered 0.86225 of the LMG_21371_brasiliense (<cutoff = 0.1). It will be used to build SNP tree and matrix.
ZRIMU1702DQ_brasiliense_contig covered 0.85144 of the LMG_21371_brasiliense (<cutoff = 0.1). It will be used to build SNP tree and matrix.
ICMP_19477_brasiliense_ICMP_19477_contig covered 0.91042 of the LMG_21371_brasiliense (<cutoff = 0.1). It will be used to build SNP tree and matrix.
Ec_153_brasiliense_contig covered 0.92083 of the LMG_21371_brasiliense (<cutoff = 0.1). It will be used to build SNP tree and matrix.
Y65_brasiliense_contig covered 0.84400 of the LMG_21371_brasiliense (<cutoff = 0.1). It will be used to build SNP tree and matrix.
IPO_0590_brasiliense_contig covered 0.82621 of the LMG_21371_brasiliense (<cutoff = 0.1). It will be used to build SNP tree and matrix.
22LXZD03_01_jejuense_contig covered 0.87321 of the LMG_21371_brasiliense (<cutoff = 0.1). It will be used to build SNP tree and matrix.
IPO_4058_NAK_235_brasiliense_contig covered 0.86047 of the LMG_21371_brasiliense (<cutoff = 0.1). It will be used to build SNP tree and matrix.
NAK_243_brasiliense_contig covered 0.87544 of the LMG_21371_brasiliense (<cutoff = 0.1). It will be used to build SNP tree and matrix.
CFIA1009_brasiliense_contig covered 0.85936 of the LMG_21371_brasiliense (<cutoff = 0.1). It will be used to build SNP tree and matrix.
NAK638_brasiliense_contig covered 0.86226 of the LMG_21371_brasiliense (<cutoff = 0.1). It will be used to build SNP tree and matrix.
CFBP3230_brasiliense_contig covered 0.86674 of the LMG_21371_brasiliense (<cutoff = 0.1). It will be used to build SNP tree and matrix.
NAK_384_brasiliense_contig covered 0.87565 of the LMG_21371_brasiliense (<cutoff = 0.1). It will be used to build SNP tree and matrix.
CFIA1033_brasiliense_contig covered 0.79495 of the LMG_21371_brasiliense (<cutoff = 0.1). It will be used to build SNP tree and matrix.
NAK641_brasiliense_contig covered 0.86219 of the LMG_21371_brasiliense (<cutoff = 0.1). It will be used to build SNP tree and matrix.
SR8_brasiliense_contig covered 0.91766 of the LMG_21371_brasiliense (<cutoff = 0.1). It will be used to build SNP tree and matrix.
Ec_155_carotovorum_subsp__carotovorum_contig covered 0.91662 of the LMG_21371_brasiliense (<cutoff = 0.1). It will be used to build SNP tree and matrix.
PCC1_brasiliense_contig covered 0.83649 of the LMG_21371_brasiliense (<cutoff = 0.1). It will be used to build SNP tree and matrix.
IPO_4073_NAK_248_brasiliense_contig covered 0.86625 of the LMG_21371_brasiliense (<cutoff = 0.1). It will be used to build SNP tree and matrix.
IPO_4066_NAK_259_brasiliense_contig covered 0.87565 of the LMG_21371_brasiliense (<cutoff = 0.1). It will be used to build SNP tree and matrix.
A1_brasiliense_contig covered 0.82476 of the LMG_21371_brasiliense (<cutoff = 0.1). It will be used to build SNP tree and matrix.
Y49_brasiliense_contig covered 0.85237 of the LMG_21371_brasiliense (<cutoff = 0.1). It will be used to build SNP tree and matrix.
IPO_4132_NAK_239_brasiliense_contig covered 0.85950 of the LMG_21371_brasiliense (<cutoff = 0.1). It will be used to build SNP tree and matrix.
IPO_4062_NAK_237_brasiliense_contig covered 0.85770 of the LMG_21371_brasiliense (<cutoff = 0.1). It will be used to build SNP tree and matrix.
IPO_3650_NAK_376_brasiliense_contig covered 0.87533 of the LMG_21371_brasiliense (<cutoff = 0.1). It will be used to build SNP tree and matrix.
IPO_4068_NAK_256_brasiliense_contig covered 0.83926 of the LMG_21371_brasiliense (<cutoff = 0.1). It will be used to build SNP tree and matrix.
NAK_247_brasiliense_contig covered 0.87561 of the LMG_21371_brasiliense (<cutoff = 0.1). It will be used to build SNP tree and matrix.
21LCBS03_sp__21LCBS03_contig covered 0.86237 of the LMG_21371_brasiliense (<cutoff = 0.1). It will be used to build SNP tree and matrix.
NJAU134_brasiliense_contig covered 0.86915 of the LMG_21371_brasiliense (<cutoff = 0.1). It will be used to build SNP tree and matrix.
CFBP7357_brasiliense_contig covered 0.85857 of the LMG_21371_brasiliense (<cutoff = 0.1). It will be used to build SNP tree and matrix.
IPO_0821_SCRI_133_brasiliense_contig covered 0.85314 of the LMG_21371_brasiliense (<cutoff = 0.1). It will be used to build SNP tree and matrix.
BSRLOP2CAB_brasiliense_contig covered 0.85586 of the LMG_21371_brasiliense (<cutoff = 0.1). It will be used to build SNP tree and matrix.
F152_brasiliense_contig covered 0.84509 of the LMG_21371_brasiliense (<cutoff = 0.1). It will be used to build SNP tree and matrix.
MAFF_301653_carotovorum_subsp__carotovorum_contig covered 0.86147 of the LMG_21371_brasiliense (<cutoff = 0.1). It will be used to build SNP tree and matrix.
S2_brasiliense_contig covered 0.84966 of the LMG_21371_brasiliense (<cutoff = 0.1). It will be used to build SNP tree and matrix.
PD_8610_brasiliense_contig covered 0.86274 of the LMG_21371_brasiliense (<cutoff = 0.1). It will be used to build SNP tree and matrix.
NAK_430_brasiliense_contig covered 0.87530 of the LMG_21371_brasiliense (<cutoff = 0.1). It will be used to build SNP tree and matrix.
IPO_3649_NAK_375_brasiliense_contig covered 0.87571 of the LMG_21371_brasiliense (<cutoff = 0.1). It will be used to build SNP tree and matrix.
WZZ2024_brasiliense_contig covered 0.86189 of the LMG_21371_brasiliense (<cutoff = 0.1). It will be used to build SNP tree and matrix.
L25F_74_brasiliense_contig covered 0.86541 of the LMG_21371_brasiliense (<cutoff = 0.1). It will be used to build SNP tree and matrix.
PD_7434_jejuense_contig covered 0.86592 of the LMG_21371_brasiliense (<cutoff = 0.1). It will be used to build SNP tree and matrix.
NJAU130_brasiliense_contig covered 0.84318 of the LMG_21371_brasiliense (<cutoff = 0.1). It will be used to build SNP tree and matrix.
A079_S20_O15_brasiliense_contig covered 0.86419 of the LMG_21371_brasiliense (<cutoff = 0.1). It will be used to build SNP tree and matrix.
YC_Y46_brasiliense_contig covered 0.84914 of the LMG_21371_brasiliense (<cutoff = 0.1). It will be used to build SNP tree and matrix.
NAK_254_brasiliense_contig covered 0.85844 of the LMG_21371_brasiliense (<cutoff = 0.1). It will be used to build SNP tree and matrix.
1Aia_d_brasiliense_contig covered 0.85834 of the LMG_21371_brasiliense (<cutoff = 0.1). It will be used to build SNP tree and matrix.
21LCBS02_sp__CHL_2024_contig covered 0.86437 of the LMG_21371_brasiliense (<cutoff = 0.1). It will be used to build SNP tree and matrix.
NAK_245_brasiliense_contig covered 0.83912 of the LMG_21371_brasiliense (<cutoff = 0.1). It will be used to build SNP tree and matrix.
22LXZD03_04_sp__CHL_2024_contig covered 0.86322 of the LMG_21371_brasiliense (<cutoff = 0.1). It will be used to build SNP tree and matrix.
DL6_4_sp__CHL_2024_contig covered 0.87993 of the LMG_21371_brasiliense (<cutoff = 0.1). It will be used to build SNP tree and matrix.
Y62_brasiliense_contig covered 0.84842 of the LMG_21371_brasiliense (<cutoff = 0.1). It will be used to build SNP tree and matrix.
NAK_434_brasiliense_contig covered 0.85385 of the LMG_21371_brasiliense (<cutoff = 0.1). It will be used to build SNP tree and matrix.
22LJYL01_1_sp__CHL_2024_contig covered 0.87593 of the LMG_21371_brasiliense (<cutoff = 0.1). It will be used to build SNP tree and matrix.
PBR1692_brasiliense_PBR1692_contig covered 0.99584 of the LMG_21371_brasiliense (<cutoff = 0.1). It will be used to build SNP tree and matrix.
NAK_435_brasiliense_contig covered 0.85375 of the LMG_21371_brasiliense (<cutoff = 0.1). It will be used to build SNP tree and matrix.
22LCQN02_3_sp__CHL_2024_contig covered 0.86557 of the LMG_21371_brasiliense (<cutoff = 0.1). It will be used to build SNP tree and matrix.
PD_7081_brasiliense_contig covered 0.85229 of the LMG_21371_brasiliense (<cutoff = 0.1). It will be used to build SNP tree and matrix.
NAK_468_brasiliense_contig covered 0.76609 of the LMG_21371_brasiliense (<cutoff = 0.1). It will be used to build SNP tree and matrix.
NJAU131_brasiliense_contig covered 0.85118 of the LMG_21371_brasiliense (<cutoff = 0.1). It will be used to build SNP tree and matrix.
IPO_3644_brasiliense_contig covered 0.87104 of the LMG_21371_brasiliense (<cutoff = 0.1). It will be used to build SNP tree and matrix.
1950_8_brasiliense_contig covered 0.82879 of the LMG_21371_brasiliense (<cutoff = 0.1). It will be used to build SNP tree and matrix.
IPO_4056_NAK_264_GBBC_1756_brasiliense_contig covered 0.83927 of the LMG_21371_brasiliense (<cutoff = 0.1). It will be used to build SNP tree and matrix.
PD_5190_brasiliense_contig covered 0.85452 of the LMG_21371_brasiliense (<cutoff = 0.1). It will be used to build SNP tree and matrix.
SR7_brasiliense_contig covered 0.91759 of the LMG_21371_brasiliense (<cutoff = 0.1). It will be used to build SNP tree and matrix.
22QBSP01_1_brasiliense_contig covered 0.89474 of the LMG_21371_brasiliense (<cutoff = 0.1). It will be used to build SNP tree and matrix.
NAK_385_brasiliense_contig covered 0.85849 of the LMG_21371_brasiliense (<cutoff = 0.1). It will be used to build SNP tree and matrix.
IPO_4057_NAK_249_brasiliense_contig covered 0.87571 of the LMG_21371_brasiliense (<cutoff = 0.1). It will be used to build SNP tree and matrix.
NAK246_brasiliense_contig covered 0.87545 of the LMG_21371_brasiliense (<cutoff = 0.1). It will be used to build SNP tree and matrix.
IPO_4071_NAK_240_brasiliense_contig covered 0.87571 of the LMG_21371_brasiliense (<cutoff = 0.1). It will be used to build SNP tree and matrix.
Y60_brasiliense_contig covered 0.84773 of the LMG_21371_brasiliense (<cutoff = 0.1). It will be used to build SNP tree and matrix.
PCC21_carotovorum_subsp__carotovorum_PCC21_contig covered 0.86152 of the LMG_21371_brasiliense (<cutoff = 0.1). It will be used to build SNP tree and matrix.
BY2_brasiliense_contig covered 0.84471 of the LMG_21371_brasiliense (<cutoff = 0.1). It will be used to build SNP tree and matrix.
ZLMLSHJ5_brasiliense_contig covered 0.84912 of the LMG_21371_brasiliense (<cutoff = 0.1). It will be used to build SNP tree and matrix.
S1_16_01_3K_carotovorum_contig covered 0.86825 of the LMG_21371_brasiliense (<cutoff = 0.1). It will be used to build SNP tree and matrix.
NY1563A_brasiliense_contig covered 0.85190 of the LMG_21371_brasiliense (<cutoff = 0.1). It will be used to build SNP tree and matrix.
IPO_3630_brasiliense_contig covered 0.85117 of the LMG_21371_brasiliense (<cutoff = 0.1). It will be used to build SNP tree and matrix.
22KMSM01_sp__CHL_2024_contig covered 0.86948 of the LMG_21371_brasiliense (<cutoff = 0.1). It will be used to build SNP tree and matrix.
NAK709_brasiliense_contig covered 0.85363 of the LMG_21371_brasiliense (<cutoff = 0.1). It will be used to build SNP tree and matrix.
ZRIMU1030_brasiliense_contig covered 0.86339 of the LMG_21371_brasiliense (<cutoff = 0.1). It will be used to build SNP tree and matrix.
SJHS3_1_sp__CHL_2024_contig covered 0.86184 of the LMG_21371_brasiliense (<cutoff = 0.1). It will be used to build SNP tree and matrix.
NJAU132_brasiliense_contig covered 0.85441 of the LMG_21371_brasiliense (<cutoff = 0.1). It will be used to build SNP tree and matrix.
NAK_431_brasiliense_contig covered 0.87531 of the LMG_21371_brasiliense (<cutoff = 0.1). It will be used to build SNP tree and matrix.
IPO_4055_NAK_152_GBBC_1819_brasiliense_contig covered 0.87560 of the LMG_21371_brasiliense (<cutoff = 0.1). It will be used to build SNP tree and matrix.
S4_16_03_1C_carotovorum_contig covered 0.86853 of the LMG_21371_brasiliense (<cutoff = 0.1). It will be used to build SNP tree and matrix.
IPO_3710_NAK_380_brasiliense_contig covered 0.87571 of the LMG_21371_brasiliense (<cutoff = 0.1). It will be used to build SNP tree and matrix.
22LCQN02_2_sp__CHL_2024_contig covered 0.86301 of the LMG_21371_brasiliense (<cutoff = 0.1). It will be used to build SNP tree and matrix.
NAK701_brasiliense_contig covered 0.87529 of the LMG_21371_brasiliense (<cutoff = 0.1). It will be used to build SNP tree and matrix.
22LCQN02_1_sp__CHL_2024_contig covered 0.87072 of the LMG_21371_brasiliense (<cutoff = 0.1). It will be used to build SNP tree and matrix.
NAK698_brasiliense_contig covered 0.87528 of the LMG_21371_brasiliense (<cutoff = 0.1). It will be used to build SNP tree and matrix.
NAK682_brasiliense_contig covered 0.87532 of the LMG_21371_brasiliense (<cutoff = 0.1). It will be used to build SNP tree and matrix.
LMG_21371_brasiliense covered 0.99993 of the LMG_21371_brasiliense (<cutoff = 0.1). It will be used to build SNP tree and matrix.
22LXZD03_03_jejuense_contig covered 0.87293 of the LMG_21371_brasiliense (<cutoff = 0.1). It will be used to build SNP tree and matrix.
IPO_3540_CFBP_6617_ATCC_BAA_417_IBSBF_1692_brasiliense_contig covered 0.99631 of the LMG_21371_brasiliense (<cutoff = 0.1). It will be used to build SNP tree and matrix.
1950_9_brasiliense_contig covered 0.82864 of the LMG_21371_brasiliense (<cutoff = 0.1). It will be used to build SNP tree and matrix.
BD255_brasiliense_contig covered 0.91341 of the LMG_21371_brasiliense (<cutoff = 0.1). It will be used to build SNP tree and matrix.
IPO_4065_NAK_223_brasiliense_contig covered 0.87571 of the LMG_21371_brasiliense (<cutoff = 0.1). It will be used to build SNP tree and matrix.
HNP201719_brasiliense_contig covered 0.86033 of the LMG_21371_brasiliense (<cutoff = 0.1). It will be used to build SNP tree and matrix.
IPO_3649_NAK_55_brasiliense_contig covered 0.85399 of the LMG_21371_brasiliense (<cutoff = 0.1). It will be used to build SNP tree and matrix.
DL10_2_1_sp__CHL_2024_contig covered 0.87992 of the LMG_21371_brasiliense (<cutoff = 0.1). It will be used to build SNP tree and matrix.
IPO_3843_JGAR_11_brasiliense_contig covered 0.87546 of the LMG_21371_brasiliense (<cutoff = 0.1). It will be used to build SNP tree and matrix.
BS1113_brasiliense_contig covered 0.85967 of the LMG_21371_brasiliense (<cutoff = 0.1). It will be used to build SNP tree and matrix.
NAK_241_brasiliense_contig covered 0.87563 of the LMG_21371_brasiliense (<cutoff = 0.1). It will be used to build SNP tree and matrix.
22LXZD03_05_jejuense_contig covered 0.87408 of the LMG_21371_brasiliense (<cutoff = 0.1). It will be used to build SNP tree and matrix.
JGAR_080719_2_brasiliense_contig covered 0.86227 of the LMG_21371_brasiliense (<cutoff = 0.1). It will be used to build SNP tree and matrix.
IPO_4067_NAK_257_brasiliense_contig covered 0.84156 of the LMG_21371_brasiliense (<cutoff = 0.1). It will be used to build SNP tree and matrix.
SR10_brasiliense_contig covered 0.91780 of the LMG_21371_brasiliense (<cutoff = 0.1). It will be used to build SNP tree and matrix.
IPO_4134_NAK_395_brasiliense_contig covered 0.87571 of the LMG_21371_brasiliense (<cutoff = 0.1). It will be used to build SNP tree and matrix.
NAK_250_brasiliense_contig covered 0.86117 of the LMG_21371_brasiliense (<cutoff = 0.1). It will be used to build SNP tree and matrix.
PD_6952_brasiliense_contig covered 0.85887 of the LMG_21371_brasiliense (<cutoff = 0.1). It will be used to build SNP tree and matrix.
CFBP8736_brasiliense_contig covered 0.76139 of the LMG_21371_brasiliense (<cutoff = 0.1). It will be used to build SNP tree and matrix.
NJAU170_brasiliense_contig covered 0.85118 of the LMG_21371_brasiliense (<cutoff = 0.1). It will be used to build SNP tree and matrix.
DM1_brasiliense_contig covered 0.91703 of the LMG_21371_brasiliense (<cutoff = 0.1). It will be used to build SNP tree and matrix.
13_115_jejuense_contig covered 0.87280 of the LMG_21371_brasiliense (<cutoff = 0.1). It will be used to build SNP tree and matrix.
Y21_brasiliense_contig covered 0.85052 of the LMG_21371_brasiliense (<cutoff = 0.1). It will be used to build SNP tree and matrix.
NJAU140_brasiliense_contig covered 0.82739 of the LMG_21371_brasiliense (<cutoff = 0.1). It will be used to build SNP tree and matrix.
NAK727_brasiliense_contig covered 0.85392 of the LMG_21371_brasiliense (<cutoff = 0.1). It will be used to build SNP tree and matrix.
22LCQN01_5_sp__CHL_2024_contig covered 0.86895 of the LMG_21371_brasiliense (<cutoff = 0.1). It will be used to build SNP tree and matrix.
BC1_brasiliense_contig covered 0.85177 of the LMG_21371_brasiliense (<cutoff = 0.1). It will be used to build SNP tree and matrix.
NY1453A_brasiliense_contig covered 0.86041 of the LMG_21371_brasiliense (<cutoff = 0.1). It will be used to build SNP tree and matrix.
IPO_4060_NAK_251_brasiliense_contig covered 0.87571 of the LMG_21371_brasiliense (<cutoff = 0.1). It will be used to build SNP tree and matrix.
SX309_brasiliense_contig covered 0.85946 of the LMG_21371_brasiliense (<cutoff = 0.1). It will be used to build SNP tree and matrix.
ZRIMU1701SM_brasiliense_contig covered 0.86259 of the LMG_21371_brasiliense (<cutoff = 0.1). It will be used to build SNP tree and matrix.
NAK_397_brasiliense_contig covered 0.87556 of the LMG_21371_brasiliense (<cutoff = 0.1). It will be used to build SNP tree and matrix.
IPO_3628_brasiliense_contig covered 0.90608 of the LMG_21371_brasiliense (<cutoff = 0.1). It will be used to build SNP tree and matrix.
NAK617_brasiliense_contig covered 0.86224 of the LMG_21371_brasiliense (<cutoff = 0.1). It will be used to build SNP tree and matrix.
IPO_3643_brasiliense_contig covered 0.87482 of the LMG_21371_brasiliense (<cutoff = 0.1). It will be used to build SNP tree and matrix.
1950_36_brasiliense_contig covered 0.89371 of the LMG_21371_brasiliense (<cutoff = 0.1). It will be used to build SNP tree and matrix.
BF20_brasiliense_contig covered 0.90521 of the LMG_21371_brasiliense (<cutoff = 0.1). It will be used to build SNP tree and matrix.
NAK644_brasiliense_contig covered 0.86224 of the LMG_21371_brasiliense (<cutoff = 0.1). It will be used to build SNP tree and matrix.
JGAR_030718_1_brasiliense_contig covered 0.86231 of the LMG_21371_brasiliense (<cutoff = 0.1). It will be used to build SNP tree and matrix.
21PCA_AGRO2_brasiliense_contig covered 0.82783 of the LMG_21371_brasiliense (<cutoff = 0.1). It will be used to build SNP tree and matrix.
NAK679_brasiliense_contig covered 0.87213 of the LMG_21371_brasiliense (<cutoff = 0.1). It will be used to build SNP tree and matrix.
ATCC_39048_carotovorum_subsp__carotovorum_contig covered 0.83156 of the LMG_21371_brasiliense (<cutoff = 0.1). It will be used to build SNP tree and matrix.
NAK616_brasiliense_contig covered 0.86232 of the LMG_21371_brasiliense (<cutoff = 0.1). It will be used to build SNP tree and matrix.
MAFF_331060_carotovorum_subsp__carotovorum_contig covered 0.87570 of the LMG_21371_brasiliense (<cutoff = 0.1). It will be used to build SNP tree and matrix.
1950_11_brasiliense_contig covered 0.85519 of the LMG_21371_brasiliense (<cutoff = 0.1). It will be used to build SNP tree and matrix.
F157_brasiliense_contig covered 0.86427 of the LMG_21371_brasiliense (<cutoff = 0.1). It will be used to build SNP tree and matrix.
NAK_252_brasiliense_contig covered 0.84499 of the LMG_21371_brasiliense (<cutoff = 0.1). It will be used to build SNP tree and matrix.
TS20HJ1_brasiliense_contig covered 0.84015 of the LMG_21371_brasiliense (<cutoff = 0.1). It will be used to build SNP tree and matrix.
CFBP5381_brasiliense_contig covered 0.83832 of the LMG_21371_brasiliense (<cutoff = 0.1). It will be used to build SNP tree and matrix.
SR5_brasiliense_contig covered 0.91763 of the LMG_21371_brasiliense (<cutoff = 0.1). It will be used to build SNP tree and matrix.
REPEATS covered 0.99309 of the LMG_21371_brasiliense (<cutoff = 0.1). It will be used to build SNP tree and matrix.
B6_brasiliense_contig covered 0.84088 of the LMG_21371_brasiliense (<cutoff = 0.1). It will be used to build SNP tree and matrix.
BSHS4_sp__CHL_2024_contig covered 0.83606 of the LMG_21371_brasiliense (<cutoff = 0.1). It will be used to build SNP tree and matrix.
BZA12_brasiliense_contig covered 0.86467 of the LMG_21371_brasiliense (<cutoff = 0.1). It will be used to build SNP tree and matrix.
PRT5_unicycler_assembly covered 0.84947 of the LMG_21371_brasiliense (<cutoff = 0.1). It will be used to build SNP tree and matrix.
22DLYP08_sp__CHL_2024_contig covered 0.84776 of the LMG_21371_brasiliense (<cutoff = 0.1). It will be used to build SNP tree and matrix.
IPO_4064_NAK_242_brasiliense_contig covered 0.86361 of the LMG_21371_brasiliense (<cutoff = 0.1). It will be used to build SNP tree and matrix.
22ZTDG03_4_sp__CHL_2024_contig covered 0.86651 of the LMG_21371_brasiliense (<cutoff = 0.1). It will be used to build SNP tree and matrix.
NAK_433_brasiliense_contig covered 0.76987 of the LMG_21371_brasiliense (<cutoff = 0.1). It will be used to build SNP tree and matrix.
1Aia_brasiliense_contig covered 0.85919 of the LMG_21371_brasiliense (<cutoff = 0.1). It will be used to build SNP tree and matrix.
F126_brasiliense_contig covered 0.87571 of the LMG_21371_brasiliense (<cutoff = 0.1). It will be used to build SNP tree and matrix.
SR11_brasiliense_contig covered 0.91759 of the LMG_21371_brasiliense (<cutoff = 0.1). It will be used to build SNP tree and matrix.
PD_8611_brasiliense_contig covered 0.83010 of the LMG_21371_brasiliense (<cutoff = 0.1). It will be used to build SNP tree and matrix.
NK5_brasiliense_contig covered 0.87520 of the LMG_21371_brasiliense (<cutoff = 0.1). It will be used to build SNP tree and matrix.
IPO_3711_NAK_381_brasiliense_contig covered 0.87559 of the LMG_21371_brasiliense (<cutoff = 0.1). It will be used to build SNP tree and matrix.
IPO_4135_NAK_383_brasiliense_contig covered 0.87565 of the LMG_21371_brasiliense (<cutoff = 0.1). It will be used to build SNP tree and matrix.
CFIA1001_brasiliense_contig covered 0.86245 of the LMG_21371_brasiliense (<cutoff = 0.1). It will be used to build SNP tree and matrix.
IPO_3844_NAK_382_JGAR_12_brasiliense_contig covered 0.85544 of the LMG_21371_brasiliense (<cutoff = 0.1). It will be used to build SNP tree and matrix.
Y52_brasiliense_contig covered 0.84576 of the LMG_21371_brasiliense (<cutoff = 0.1). It will be used to build SNP tree and matrix.
NBRC_103133_carotovorum_subsp__carotovorum_contig covered 0.79299 of the LMG_21371_brasiliense (<cutoff = 0.1). It will be used to build SNP tree and matrix.
BD163_brasiliense_contig covered 0.91339 of the LMG_21371_brasiliense (<cutoff = 0.1). It will be used to build SNP tree and matrix.
IPO_3707_NAK_377_77a_brasiliense_contig covered 0.87574 of the LMG_21371_brasiliense (<cutoff = 0.1). It will be used to build SNP tree and matrix.
LMG2407_brasiliense_contig covered 0.83516 of the LMG_21371_brasiliense (<cutoff = 0.1). It will be used to build SNP tree and matrix.
IPO_4131_NAK_399_JGAR_16_180717_4_brasiliense_contig covered 0.86241 of the LMG_21371_brasiliense (<cutoff = 0.1). It will be used to build SNP tree and matrix.
BF45_brasiliense_contig covered 0.86145 of the LMG_21371_brasiliense (<cutoff = 0.1). It will be used to build SNP tree and matrix.
NAK_396_brasiliense_contig covered 0.86063 of the LMG_21371_brasiliense (<cutoff = 0.1). It will be used to build SNP tree and matrix.
NAK_432_brasiliense_contig covered 0.84421 of the LMG_21371_brasiliense (<cutoff = 0.1). It will be used to build SNP tree and matrix.
NAK716_brasiliense_contig covered 0.86552 of the LMG_21371_brasiliense (<cutoff = 0.1). It will be used to build SNP tree and matrix.
JGAR_100719_1_brasiliense_contig covered 0.86234 of the LMG_21371_brasiliense (<cutoff = 0.1). It will be used to build SNP tree and matrix.
NAK683_brasiliense_contig covered 0.86233 of the LMG_21371_brasiliense (<cutoff = 0.1). It will be used to build SNP tree and matrix.
NAK700_brasiliense_contig covered 0.84554 of the LMG_21371_brasiliense (<cutoff = 0.1). It will be used to build SNP tree and matrix.
JGAR_120719_4_brasiliense_contig covered 0.86227 of the LMG_21371_brasiliense (<cutoff = 0.1). It will be used to build SNP tree and matrix.
BSROG1CAUL_A_brasiliense_contig covered 0.86273 of the LMG_21371_brasiliense (<cutoff = 0.1). It will be used to build SNP tree and matrix.
NAK650_brasiliense_contig covered 0.86219 of the LMG_21371_brasiliense (<cutoff = 0.1). It will be used to build SNP tree and matrix.
PcbHPI01_brasiliense_contig covered 0.99659 of the LMG_21371_brasiliense (<cutoff = 0.1). It will be used to build SNP tree and matrix.
LMG_21372_brasiliense_contig covered 0.91584 of the LMG_21371_brasiliense (<cutoff = 0.1). It will be used to build SNP tree and matrix.
IPO_3708_NAK_378_99a_brasiliense_contig covered 0.87580 of the LMG_21371_brasiliense (<cutoff = 0.1). It will be used to build SNP tree and matrix.
Y31_brasiliense_contig covered 0.84952 of the LMG_21371_brasiliense (<cutoff = 0.1). It will be used to build SNP tree and matrix.
Y3_brasiliense_contig covered 0.84914 of the LMG_21371_brasiliense (<cutoff = 0.1). It will be used to build SNP tree and matrix.
22LCQN01_3_sp__CHL_2024_contig covered 0.86494 of the LMG_21371_brasiliense (<cutoff = 0.1). It will be used to build SNP tree and matrix.
22LCQN01_1_sp__CHL_2024_contig covered 0.86691 of the LMG_21371_brasiliense (<cutoff = 0.1). It will be used to build SNP tree and matrix.
NAK_466_brasiliense_contig covered 0.86665 of the LMG_21371_brasiliense (<cutoff = 0.1). It will be used to build SNP tree and matrix.
NAK_470_brasiliense_contig covered 0.76489 of the LMG_21371_brasiliense (<cutoff = 0.1). It will be used to build SNP tree and matrix.
PD_7079_brasiliense_contig covered 0.84516 of the LMG_21371_brasiliense (<cutoff = 0.1). It will be used to build SNP tree and matrix.
Y29_brasiliense_contig covered 0.85057 of the LMG_21371_brasiliense (<cutoff = 0.1). It will be used to build SNP tree and matrix.
1692_brasiliense_contig covered 0.99659 of the LMG_21371_brasiliense (<cutoff = 0.1). It will be used to build SNP tree and matrix.
130_brasiliense_contig covered 0.87571 of the LMG_21371_brasiliense (<cutoff = 0.1). It will be used to build SNP tree and matrix.
Printing Summary Statistics.
Creating SNP alignment.
Creating SNP stats file. 
SNP alignment complete.
Reconstructing phylogeny using FastTree
export OMP_NUM_THREADS=1; FastTree -quiet -nt -gtr < /data/djs217/PROJECTS/44_Pectobacterium/03_workdir/results/pectobacterium_project_fastree_all_snp_alignment.fna > /data/djs217/PROJECTS/44_Pectobacterium/03_workdir/results/pectobacterium_project_fastree_all.fasttree 2>>/data/djs217/PROJECTS/44_Pectobacterium/03_workdir/results/pectobacterium_project_fastree.error 

Tree phylogeny complete.
